AH00558: httpd: Could not reliably determine the server's fully qualified domain name, using 172.21.0.5. Set the 'ServerName' directive globally to suppress this message
[Tue Mar 13 15:44:25.802431 2018] [mpm_event:notice] [pid 1:tid 140072669505408] AH00489: Apache/2.4.20 (Unix) configured -- resuming normal operations
[Tue Mar 13 15:44:25.803096 2018] [mpm_event:info] [pid 1:tid 140072669505408] AH00490: Server built: Jun  7 2016 17:55:26
[Tue Mar 13 15:44:25.803596 2018] [core:notice] [pid 1:tid 140072669505408] AH00094: Command line: 'httpd -D FOREGROUND'
[Tue Mar 13 16:08:26.199392 2018] [core:info] [pid 1:tid 140072669505408] AH00096: removed PID file /usr/local/apache2/logs/httpd.pid (pid=1)
[Tue Mar 13 16:08:26.200910 2018] [mpm_event:notice] [pid 1:tid 140072669505408] AH00491: caught SIGTERM, shutting down
AH00558: httpd: Could not reliably determine the server's fully qualified domain name, using 172.21.0.2. Set the 'ServerName' directive globally to suppress this message
[Tue Mar 13 16:09:23.192404 2018] [mpm_event:notice] [pid 1:tid 140659657717632] AH00489: Apache/2.4.20 (Unix) configured -- resuming normal operations
[Tue Mar 13 16:09:23.194990 2018] [mpm_event:info] [pid 1:tid 140659657717632] AH00490: Server built: Jun  7 2016 17:55:26
[Tue Mar 13 16:09:23.195415 2018] [core:notice] [pid 1:tid 140659657717632] AH00094: Command line: 'httpd -D FOREGROUND'
[Tue Mar 13 16:12:02.290685 2018] [core:info] [pid 1:tid 140659657717632] AH00096: removed PID file /usr/local/apache2/logs/httpd.pid (pid=1)
[Tue Mar 13 16:12:02.292509 2018] [mpm_event:notice] [pid 1:tid 140659657717632] AH00491: caught SIGTERM, shutting down
AH00558: httpd: Could not reliably determine the server's fully qualified domain name, using 172.18.0.4. Set the 'ServerName' directive globally to suppress this message
[Tue Mar 13 16:23:29.383873 2018] [mpm_event:notice] [pid 1:tid 140161731471232] AH00489: Apache/2.4.20 (Unix) configured -- resuming normal operations
[Tue Mar 13 16:23:29.385895 2018] [mpm_event:info] [pid 1:tid 140161731471232] AH00490: Server built: Jun  7 2016 17:55:26
[Tue Mar 13 16:23:29.386598 2018] [core:notice] [pid 1:tid 140161731471232] AH00094: Command line: 'httpd -D FOREGROUND'
[Tue Mar 13 17:01:45.574063 2018] [core:info] [pid 1:tid 140161731471232] AH00096: removed PID file /usr/local/apache2/logs/httpd.pid (pid=1)
[Tue Mar 13 17:01:45.577499 2018] [mpm_event:notice] [pid 1:tid 140161731471232] AH00491: caught SIGTERM, shutting down
AH00558: httpd: Could not reliably determine the server's fully qualified domain name, using 172.18.0.3. Set the 'ServerName' directive globally to suppress this message
[Tue Mar 13 17:02:12.429039 2018] [mpm_event:notice] [pid 1:tid 139864762140544] AH00489: Apache/2.4.20 (Unix) configured -- resuming normal operations
[Tue Mar 13 17:02:12.429842 2018] [mpm_event:info] [pid 1:tid 139864762140544] AH00490: Server built: Jun  7 2016 17:55:26
[Tue Mar 13 17:02:12.430316 2018] [core:notice] [pid 1:tid 139864762140544] AH00094: Command line: 'httpd -D FOREGROUND'
[Tue Mar 13 17:17:29.802092 2018] [core:info] [pid 1:tid 139864762140544] AH00096: removed PID file /usr/local/apache2/logs/httpd.pid (pid=1)
[Tue Mar 13 17:17:29.802763 2018] [mpm_event:notice] [pid 1:tid 139864762140544] AH00491: caught SIGTERM, shutting down
AH00558: httpd: Could not reliably determine the server's fully qualified domain name, using 172.18.0.3. Set the 'ServerName' directive globally to suppress this message
[Tue Mar 13 17:18:00.583920 2018] [mpm_event:notice] [pid 1:tid 139757929809792] AH00489: Apache/2.4.20 (Unix) configured -- resuming normal operations
[Tue Mar 13 17:18:00.584567 2018] [mpm_event:info] [pid 1:tid 139757929809792] AH00490: Server built: Jun  7 2016 17:55:26
[Tue Mar 13 17:18:00.585001 2018] [core:notice] [pid 1:tid 139757929809792] AH00094: Command line: 'httpd -D FOREGROUND'
[Tue Mar 13 17:35:23.964398 2018] [core:info] [pid 1:tid 139757929809792] AH00096: removed PID file /usr/local/apache2/logs/httpd.pid (pid=1)
[Tue Mar 13 17:35:23.965370 2018] [mpm_event:notice] [pid 1:tid 139757929809792] AH00491: caught SIGTERM, shutting down
AH00558: httpd: Could not reliably determine the server's fully qualified domain name, using 172.18.0.3. Set the 'ServerName' directive globally to suppress this message
[Tue Mar 13 17:37:36.242468 2018] [mpm_event:notice] [pid 1:tid 140463224756096] AH00489: Apache/2.4.20 (Unix) configured -- resuming normal operations
[Tue Mar 13 17:37:36.245176 2018] [mpm_event:info] [pid 1:tid 140463224756096] AH00490: Server built: Jun  7 2016 17:55:26
[Tue Mar 13 17:37:36.245646 2018] [core:notice] [pid 1:tid 140463224756096] AH00094: Command line: 'httpd -D FOREGROUND'
[Tue Mar 13 17:49:37.892197 2018] [core:info] [pid 8:tid 140462987921152] [client 172.18.0.1:56850] AH00128: File does not exist: /usr/local/apache2/htdocs/favicon.ico, referer: http://localhost:8000/
[Tue Mar 13 17:50:28.791839 2018] [reqtimeout:info] [pid 9:tid 140462903994112] [client 172.18.0.1:56854] AH01382: Request header read timeout
[Tue Mar 13 17:50:28.791870 2018] [reqtimeout:info] [pid 9:tid 140462878816000] [client 172.18.0.1:56852] AH01382: Request header read timeout
[Tue Mar 13 17:50:28.791839 2018] [reqtimeout:info] [pid 9:tid 140462895601408] [client 172.18.0.1:56856] AH01382: Request header read timeout
[Tue Mar 13 17:57:35.793868 2018] [core:info] [pid 1:tid 140463224756096] AH00096: removed PID file /usr/local/apache2/logs/httpd.pid (pid=1)
[Tue Mar 13 17:57:35.794465 2018] [mpm_event:notice] [pid 1:tid 140463224756096] AH00491: caught SIGTERM, shutting down
