2018-03-13T15:44:26.017238Z 0 [Note] mysqld (mysqld 5.7.12-log) starting as process 1 ...
2018-03-13T15:44:26.031009Z 0 [Note] InnoDB: PUNCH HOLE support available
2018-03-13T15:44:26.031531Z 0 [Note] InnoDB: Mutexes and rw_locks use GCC atomic builtins
2018-03-13T15:44:26.032017Z 0 [Note] InnoDB: Uses event mutexes
2018-03-13T15:44:26.032452Z 0 [Note] InnoDB: GCC builtin __atomic_thread_fence() is used for memory barrier
2018-03-13T15:44:26.032878Z 0 [Note] InnoDB: Compressed tables use zlib 1.2.8
2018-03-13T15:44:26.033247Z 0 [Note] InnoDB: Using Linux native AIO
2018-03-13T15:44:26.033865Z 0 [Note] InnoDB: Number of pools: 1
2018-03-13T15:44:26.034333Z 0 [Note] InnoDB: Using CPU crc32 instructions
2018-03-13T15:44:26.044435Z 0 [Note] InnoDB: Initializing buffer pool, total size = 128M, instances = 1, chunk size = 128M
2018-03-13T15:44:26.052549Z 0 [Note] InnoDB: Completed initialization of buffer pool
2018-03-13T15:44:26.055196Z 0 [Note] InnoDB: If the mysqld execution user is authorized, page cleaner thread priority can be changed. See the man page of setpriority().
2018-03-13T15:44:26.071154Z 0 [Note] InnoDB: Highest supported file format is Barracuda.
2018-03-13T15:44:26.090987Z 0 [Note] InnoDB: Creating shared tablespace for temporary tables
2018-03-13T15:44:26.091657Z 0 [Note] InnoDB: Setting file './ibtmp1' size to 12 MB. Physically writing the file full; Please wait ...
2018-03-13T15:44:26.200495Z 0 [Note] InnoDB: File './ibtmp1' size is now 12 MB.
2018-03-13T15:44:26.204178Z 0 [Note] InnoDB: 96 redo rollback segment(s) found. 96 redo rollback segment(s) are active.
2018-03-13T15:44:26.205039Z 0 [Note] InnoDB: 32 non-redo rollback segment(s) are active.
2018-03-13T15:44:26.208287Z 0 [Note] InnoDB: 5.7.12 started; log sequence number 12127522
2018-03-13T15:44:26.213730Z 0 [Note] InnoDB: Loading buffer pool(s) from /var/lib/mysql/ib_buffer_pool
2018-03-13T15:44:26.214152Z 0 [Note] Plugin 'FEDERATED' is disabled.
2018-03-13T15:44:26.218507Z 0 [Note] InnoDB: Buffer pool(s) load completed at 180313 15:44:26
2018-03-13T15:44:26.226106Z 0 [Warning] Failed to set up SSL because of the following SSL library error: SSL context is not usable without certificate and private key
2018-03-13T15:44:26.226540Z 0 [Note] Server hostname (bind-address): '*'; port: 3306
2018-03-13T15:44:26.226990Z 0 [Note] IPv6 is available.
2018-03-13T15:44:26.227365Z 0 [Note]   - '::' resolves to '::';
2018-03-13T15:44:26.227787Z 0 [Note] Server socket created on IP: '::'.
2018-03-13T15:44:26.234058Z 0 [Warning] 'db' entry 'sys mysql.sys@localhost' ignored in --skip-name-resolve mode.
2018-03-13T15:44:26.234628Z 0 [Warning] 'proxies_priv' entry '@ root@localhost' ignored in --skip-name-resolve mode.
2018-03-13T15:44:26.237888Z 0 [Warning] 'tables_priv' entry 'sys_config mysql.sys@localhost' ignored in --skip-name-resolve mode.
2018-03-13T15:44:26.248542Z 0 [Note] Event Scheduler: Loaded 0 events
2018-03-13T15:44:26.249444Z 0 [Note] mysqld: ready for connections.
Version: '5.7.12-log'  socket: '/var/run/mysqld/mysqld.sock'  port: 3306  MySQL Community Server (GPL)
2018-03-13T16:08:26.118050Z 0 [Note] Giving 0 client threads a chance to die gracefully
2018-03-13T16:08:26.119231Z 0 [Note] Shutting down slave threads
2018-03-13T16:08:26.119894Z 0 [Note] Forcefully disconnecting 0 remaining clients
2018-03-13T16:08:26.120695Z 0 [Note] Event Scheduler: Purging the queue. 0 events
2018-03-13T16:08:26.121624Z 0 [Note] Binlog end
2018-03-13T16:08:26.127957Z 0 [Note] Shutting down plugin 'ngram'
2018-03-13T16:08:26.128661Z 0 [Note] Shutting down plugin 'BLACKHOLE'
2018-03-13T16:08:26.129359Z 0 [Note] Shutting down plugin 'partition'
2018-03-13T16:08:26.129975Z 0 [Note] Shutting down plugin 'ARCHIVE'
2018-03-13T16:08:26.131175Z 0 [Note] Shutting down plugin 'MEMORY'
2018-03-13T16:08:26.131644Z 0 [Note] Shutting down plugin 'INNODB_SYS_VIRTUAL'
2018-03-13T16:08:26.132155Z 0 [Note] Shutting down plugin 'INNODB_SYS_DATAFILES'
2018-03-13T16:08:26.132765Z 0 [Note] Shutting down plugin 'INNODB_SYS_TABLESPACES'
2018-03-13T16:08:26.133359Z 0 [Note] Shutting down plugin 'INNODB_SYS_FOREIGN_COLS'
2018-03-13T16:08:26.133937Z 0 [Note] Shutting down plugin 'INNODB_SYS_FOREIGN'
2018-03-13T16:08:26.135459Z 0 [Note] Shutting down plugin 'INNODB_SYS_FIELDS'
2018-03-13T16:08:26.136119Z 0 [Note] Shutting down plugin 'INNODB_SYS_COLUMNS'
2018-03-13T16:08:26.137148Z 0 [Note] Shutting down plugin 'INNODB_SYS_INDEXES'
2018-03-13T16:08:26.139719Z 0 [Note] Shutting down plugin 'INNODB_SYS_TABLESTATS'
2018-03-13T16:08:26.140272Z 0 [Note] Shutting down plugin 'INNODB_SYS_TABLES'
2018-03-13T16:08:26.140719Z 0 [Note] Shutting down plugin 'INNODB_FT_INDEX_TABLE'
2018-03-13T16:08:26.141125Z 0 [Note] Shutting down plugin 'INNODB_FT_INDEX_CACHE'
2018-03-13T16:08:26.141516Z 0 [Note] Shutting down plugin 'INNODB_FT_CONFIG'
2018-03-13T16:08:26.141921Z 0 [Note] Shutting down plugin 'INNODB_FT_BEING_DELETED'
2018-03-13T16:08:26.142335Z 0 [Note] Shutting down plugin 'INNODB_FT_DELETED'
2018-03-13T16:08:26.142721Z 0 [Note] Shutting down plugin 'INNODB_FT_DEFAULT_STOPWORD'
2018-03-13T16:08:26.143117Z 0 [Note] Shutting down plugin 'INNODB_METRICS'
2018-03-13T16:08:26.143545Z 0 [Note] Shutting down plugin 'INNODB_TEMP_TABLE_INFO'
2018-03-13T16:08:26.143933Z 0 [Note] Shutting down plugin 'INNODB_BUFFER_POOL_STATS'
2018-03-13T16:08:26.144345Z 0 [Note] Shutting down plugin 'INNODB_BUFFER_PAGE_LRU'
2018-03-13T16:08:26.144730Z 0 [Note] Shutting down plugin 'INNODB_BUFFER_PAGE'
2018-03-13T16:08:26.145112Z 0 [Note] Shutting down plugin 'INNODB_CMP_PER_INDEX_RESET'
2018-03-13T16:08:26.145500Z 0 [Note] Shutting down plugin 'INNODB_CMP_PER_INDEX'
2018-03-13T16:08:26.145865Z 0 [Note] Shutting down plugin 'INNODB_CMPMEM_RESET'
2018-03-13T16:08:26.146269Z 0 [Note] Shutting down plugin 'INNODB_CMPMEM'
2018-03-13T16:08:26.146662Z 0 [Note] Shutting down plugin 'INNODB_CMP_RESET'
2018-03-13T16:08:26.147062Z 0 [Note] Shutting down plugin 'INNODB_CMP'
2018-03-13T16:08:26.147450Z 0 [Note] Shutting down plugin 'INNODB_LOCK_WAITS'
2018-03-13T16:08:26.147853Z 0 [Note] Shutting down plugin 'INNODB_LOCKS'
2018-03-13T16:08:26.148320Z 0 [Note] Shutting down plugin 'INNODB_TRX'
2018-03-13T16:08:26.148723Z 0 [Note] Shutting down plugin 'InnoDB'
2018-03-13T16:08:26.149476Z 0 [Note] InnoDB: FTS optimize thread exiting.
2018-03-13T16:08:26.150175Z 0 [Note] InnoDB: Starting shutdown...
2018-03-13T16:08:26.253355Z 0 [Note] InnoDB: Dumping buffer pool(s) to /var/lib/mysql/ib_buffer_pool
2018-03-13T16:08:26.256457Z 0 [Note] InnoDB: Buffer pool(s) dump completed at 180313 16:08:26
2018-03-13T16:08:27.699358Z 0 [Note] InnoDB: Shutdown completed; log sequence number 12127550
2018-03-13T16:08:27.743316Z 0 [Note] InnoDB: Removed temporary tablespace data file: "ibtmp1"
2018-03-13T16:08:27.744024Z 0 [Note] Shutting down plugin 'MyISAM'
2018-03-13T16:08:27.744612Z 0 [Note] Shutting down plugin 'MRG_MYISAM'
2018-03-13T16:08:27.745181Z 0 [Note] Shutting down plugin 'CSV'
2018-03-13T16:08:27.745630Z 0 [Note] Shutting down plugin 'PERFORMANCE_SCHEMA'
2018-03-13T16:08:27.746323Z 0 [Note] Shutting down plugin 'sha256_password'
2018-03-13T16:08:27.746876Z 0 [Note] Shutting down plugin 'mysql_native_password'
2018-03-13T16:08:27.747933Z 0 [Note] Shutting down plugin 'binlog'
2018-03-13T16:08:27.810967Z 0 [Note] mysqld: Shutdown complete

2018-03-13T16:09:23.685680Z 0 [Note] mysqld (mysqld 5.7.12-log) starting as process 1 ...
2018-03-13T16:09:23.703450Z 0 [Note] InnoDB: PUNCH HOLE support available
2018-03-13T16:09:23.706033Z 0 [Note] InnoDB: Mutexes and rw_locks use GCC atomic builtins
2018-03-13T16:09:23.706930Z 0 [Note] InnoDB: Uses event mutexes
2018-03-13T16:09:23.707372Z 0 [Note] InnoDB: GCC builtin __atomic_thread_fence() is used for memory barrier
2018-03-13T16:09:23.707786Z 0 [Note] InnoDB: Compressed tables use zlib 1.2.8
2018-03-13T16:09:23.708665Z 0 [Note] InnoDB: Using Linux native AIO
2018-03-13T16:09:23.709824Z 0 [Note] InnoDB: Number of pools: 1
2018-03-13T16:09:23.711001Z 0 [Note] InnoDB: Using CPU crc32 instructions
2018-03-13T16:09:23.724905Z 0 [Note] InnoDB: Initializing buffer pool, total size = 128M, instances = 1, chunk size = 128M
2018-03-13T16:09:23.737292Z 0 [Note] InnoDB: Completed initialization of buffer pool
2018-03-13T16:09:23.741373Z 0 [Note] InnoDB: If the mysqld execution user is authorized, page cleaner thread priority can be changed. See the man page of setpriority().
2018-03-13T16:09:23.756321Z 0 [Note] InnoDB: Highest supported file format is Barracuda.
2018-03-13T16:09:23.784259Z 0 [Note] InnoDB: Creating shared tablespace for temporary tables
2018-03-13T16:09:23.785070Z 0 [Note] InnoDB: Setting file './ibtmp1' size to 12 MB. Physically writing the file full; Please wait ...
2018-03-13T16:09:23.883256Z 0 [Note] InnoDB: File './ibtmp1' size is now 12 MB.
2018-03-13T16:09:23.885331Z 0 [Note] InnoDB: 96 redo rollback segment(s) found. 96 redo rollback segment(s) are active.
2018-03-13T16:09:23.887500Z 0 [Note] InnoDB: 32 non-redo rollback segment(s) are active.
2018-03-13T16:09:23.889746Z 0 [Note] InnoDB: 5.7.12 started; log sequence number 12127550
2018-03-13T16:09:23.890984Z 0 [Note] Plugin 'FEDERATED' is disabled.
2018-03-13T16:09:23.892247Z 0 [Note] InnoDB: Loading buffer pool(s) from /var/lib/mysql/ib_buffer_pool
2018-03-13T16:09:23.903209Z 0 [Note] InnoDB: Buffer pool(s) load completed at 180313 16:09:23
2018-03-13T16:09:23.904207Z 0 [Warning] Failed to set up SSL because of the following SSL library error: SSL context is not usable without certificate and private key
2018-03-13T16:09:23.907393Z 0 [Note] Server hostname (bind-address): '*'; port: 3306
2018-03-13T16:09:23.908477Z 0 [Note] IPv6 is available.
2018-03-13T16:09:23.909081Z 0 [Note]   - '::' resolves to '::';
2018-03-13T16:09:23.917419Z 0 [Note] Server socket created on IP: '::'.
2018-03-13T16:09:23.933200Z 0 [Warning] 'db' entry 'sys mysql.sys@localhost' ignored in --skip-name-resolve mode.
2018-03-13T16:09:23.933997Z 0 [Warning] 'proxies_priv' entry '@ root@localhost' ignored in --skip-name-resolve mode.
2018-03-13T16:09:23.941186Z 0 [Warning] 'tables_priv' entry 'sys_config mysql.sys@localhost' ignored in --skip-name-resolve mode.
2018-03-13T16:09:23.956072Z 0 [Note] Event Scheduler: Loaded 0 events
2018-03-13T16:09:23.958208Z 0 [Note] mysqld: ready for connections.
Version: '5.7.12-log'  socket: '/var/run/mysqld/mysqld.sock'  port: 3306  MySQL Community Server (GPL)
2018-03-13T16:12:02.254238Z 0 [Note] Giving 0 client threads a chance to die gracefully
2018-03-13T16:12:02.255470Z 0 [Note] Shutting down slave threads
2018-03-13T16:12:02.255946Z 0 [Note] Forcefully disconnecting 0 remaining clients
2018-03-13T16:12:02.256449Z 0 [Note] Event Scheduler: Purging the queue. 0 events
2018-03-13T16:12:02.257106Z 0 [Note] Binlog end
2018-03-13T16:12:02.258069Z 0 [Note] Shutting down plugin 'ngram'
2018-03-13T16:12:02.259000Z 0 [Note] Shutting down plugin 'BLACKHOLE'
2018-03-13T16:12:02.259508Z 0 [Note] Shutting down plugin 'partition'
2018-03-13T16:12:02.260048Z 0 [Note] Shutting down plugin 'ARCHIVE'
2018-03-13T16:12:02.260467Z 0 [Note] Shutting down plugin 'MEMORY'
2018-03-13T16:12:02.260922Z 0 [Note] Shutting down plugin 'INNODB_SYS_VIRTUAL'
2018-03-13T16:12:02.261445Z 0 [Note] Shutting down plugin 'INNODB_SYS_DATAFILES'
2018-03-13T16:12:02.261907Z 0 [Note] Shutting down plugin 'INNODB_SYS_TABLESPACES'
2018-03-13T16:12:02.262293Z 0 [Note] Shutting down plugin 'INNODB_SYS_FOREIGN_COLS'
2018-03-13T16:12:02.262654Z 0 [Note] Shutting down plugin 'INNODB_SYS_FOREIGN'
2018-03-13T16:12:02.262974Z 0 [Note] Shutting down plugin 'INNODB_SYS_FIELDS'
2018-03-13T16:12:02.263965Z 0 [Note] Shutting down plugin 'INNODB_SYS_COLUMNS'
2018-03-13T16:12:02.264344Z 0 [Note] Shutting down plugin 'INNODB_SYS_INDEXES'
2018-03-13T16:12:02.264683Z 0 [Note] Shutting down plugin 'INNODB_SYS_TABLESTATS'
2018-03-13T16:12:02.265036Z 0 [Note] Shutting down plugin 'INNODB_SYS_TABLES'
2018-03-13T16:12:02.265367Z 0 [Note] Shutting down plugin 'INNODB_FT_INDEX_TABLE'
2018-03-13T16:12:02.265871Z 0 [Note] Shutting down plugin 'INNODB_FT_INDEX_CACHE'
2018-03-13T16:12:02.266215Z 0 [Note] Shutting down plugin 'INNODB_FT_CONFIG'
2018-03-13T16:12:02.266723Z 0 [Note] Shutting down plugin 'INNODB_FT_BEING_DELETED'
2018-03-13T16:12:02.267363Z 0 [Note] Shutting down plugin 'INNODB_FT_DELETED'
2018-03-13T16:12:02.267967Z 0 [Note] Shutting down plugin 'INNODB_FT_DEFAULT_STOPWORD'
2018-03-13T16:12:02.268455Z 0 [Note] Shutting down plugin 'INNODB_METRICS'
2018-03-13T16:12:02.268866Z 0 [Note] Shutting down plugin 'INNODB_TEMP_TABLE_INFO'
2018-03-13T16:12:02.269290Z 0 [Note] Shutting down plugin 'INNODB_BUFFER_POOL_STATS'
2018-03-13T16:12:02.269662Z 0 [Note] Shutting down plugin 'INNODB_BUFFER_PAGE_LRU'
2018-03-13T16:12:02.270037Z 0 [Note] Shutting down plugin 'INNODB_BUFFER_PAGE'
2018-03-13T16:12:02.270589Z 0 [Note] Shutting down plugin 'INNODB_CMP_PER_INDEX_RESET'
2018-03-13T16:12:02.271029Z 0 [Note] Shutting down plugin 'INNODB_CMP_PER_INDEX'
2018-03-13T16:12:02.271401Z 0 [Note] Shutting down plugin 'INNODB_CMPMEM_RESET'
2018-03-13T16:12:02.272170Z 0 [Note] Shutting down plugin 'INNODB_CMPMEM'
2018-03-13T16:12:02.274734Z 0 [Note] Shutting down plugin 'INNODB_CMP_RESET'
2018-03-13T16:12:02.275668Z 0 [Note] Shutting down plugin 'INNODB_CMP'
2018-03-13T16:12:02.276342Z 0 [Note] Shutting down plugin 'INNODB_LOCK_WAITS'
2018-03-13T16:12:02.276756Z 0 [Note] Shutting down plugin 'INNODB_LOCKS'
2018-03-13T16:12:02.277135Z 0 [Note] Shutting down plugin 'INNODB_TRX'
2018-03-13T16:12:02.277529Z 0 [Note] Shutting down plugin 'InnoDB'
2018-03-13T16:12:02.278054Z 0 [Note] InnoDB: FTS optimize thread exiting.
2018-03-13T16:12:02.278565Z 0 [Note] InnoDB: Starting shutdown...
2018-03-13T16:12:02.379977Z 0 [Note] InnoDB: Dumping buffer pool(s) to /var/lib/mysql/ib_buffer_pool
2018-03-13T16:12:02.381307Z 0 [Note] InnoDB: Buffer pool(s) dump completed at 180313 16:12:02
2018-03-13T16:12:03.922465Z 0 [Note] InnoDB: Shutdown completed; log sequence number 12127578
2018-03-13T16:12:03.927590Z 0 [Note] InnoDB: Removed temporary tablespace data file: "ibtmp1"
2018-03-13T16:12:03.928591Z 0 [Note] Shutting down plugin 'MyISAM'
2018-03-13T16:12:03.929195Z 0 [Note] Shutting down plugin 'MRG_MYISAM'
2018-03-13T16:12:03.929687Z 0 [Note] Shutting down plugin 'CSV'
2018-03-13T16:12:03.930139Z 0 [Note] Shutting down plugin 'PERFORMANCE_SCHEMA'
2018-03-13T16:12:03.930588Z 0 [Note] Shutting down plugin 'sha256_password'
2018-03-13T16:12:03.931062Z 0 [Note] Shutting down plugin 'mysql_native_password'
2018-03-13T16:12:03.931607Z 0 [Note] Shutting down plugin 'binlog'
2018-03-13T16:12:03.937900Z 0 [Note] mysqld: Shutdown complete

2018-03-13T16:23:31.087175Z 0 [Note] mysqld (mysqld 5.7.12-log) starting as process 1 ...
2018-03-13T16:23:31.166802Z 0 [Note] InnoDB: PUNCH HOLE support available
2018-03-13T16:23:31.167702Z 0 [Note] InnoDB: Mutexes and rw_locks use GCC atomic builtins
2018-03-13T16:23:31.168245Z 0 [Note] InnoDB: Uses event mutexes
2018-03-13T16:23:31.168905Z 0 [Note] InnoDB: GCC builtin __atomic_thread_fence() is used for memory barrier
2018-03-13T16:23:31.169320Z 0 [Note] InnoDB: Compressed tables use zlib 1.2.8
2018-03-13T16:23:31.169792Z 0 [Note] InnoDB: Using Linux native AIO
2018-03-13T16:23:31.175250Z 0 [Note] InnoDB: Number of pools: 1
2018-03-13T16:23:31.180936Z 0 [Note] InnoDB: Using CPU crc32 instructions
2018-03-13T16:23:31.500112Z 0 [Note] InnoDB: Initializing buffer pool, total size = 128M, instances = 1, chunk size = 128M
2018-03-13T16:23:31.824505Z 0 [Note] InnoDB: Completed initialization of buffer pool
2018-03-13T16:23:31.865740Z 0 [Note] InnoDB: If the mysqld execution user is authorized, page cleaner thread priority can be changed. See the man page of setpriority().
2018-03-13T16:23:32.046352Z 0 [Note] InnoDB: Highest supported file format is Barracuda.
2018-03-13T16:23:32.826205Z 0 [Note] InnoDB: Creating shared tablespace for temporary tables
2018-03-13T16:23:32.828267Z 0 [Note] InnoDB: Setting file './ibtmp1' size to 12 MB. Physically writing the file full; Please wait ...
2018-03-13T16:23:33.300954Z 0 [Note] InnoDB: File './ibtmp1' size is now 12 MB.
2018-03-13T16:23:33.317518Z 0 [Note] InnoDB: 96 redo rollback segment(s) found. 96 redo rollback segment(s) are active.
2018-03-13T16:23:33.318293Z 0 [Note] InnoDB: 32 non-redo rollback segment(s) are active.
2018-03-13T16:23:33.323749Z 0 [Note] InnoDB: Waiting for purge to start
2018-03-13T16:23:33.376350Z 0 [Note] InnoDB: 5.7.12 started; log sequence number 12127578
2018-03-13T16:23:33.377650Z 0 [Note] Plugin 'FEDERATED' is disabled.
2018-03-13T16:23:33.378354Z 0 [Note] InnoDB: Loading buffer pool(s) from /var/lib/mysql/ib_buffer_pool
2018-03-13T16:23:33.412510Z 0 [Warning] Failed to set up SSL because of the following SSL library error: SSL context is not usable without certificate and private key
2018-03-13T16:23:33.419243Z 0 [Note] Server hostname (bind-address): '*'; port: 3306
2018-03-13T16:23:33.420306Z 0 [Note] IPv6 is available.
2018-03-13T16:23:33.429449Z 0 [Note]   - '::' resolves to '::';
2018-03-13T16:23:33.431285Z 0 [Note] Server socket created on IP: '::'.
2018-03-13T16:23:33.428514Z 0 [Note] InnoDB: Buffer pool(s) load completed at 180313 16:23:33
2018-03-13T16:23:33.449045Z 0 [Warning] 'db' entry 'sys mysql.sys@localhost' ignored in --skip-name-resolve mode.
2018-03-13T16:23:33.450326Z 0 [Warning] 'proxies_priv' entry '@ root@localhost' ignored in --skip-name-resolve mode.
2018-03-13T16:23:33.483560Z 0 [Warning] 'tables_priv' entry 'sys_config mysql.sys@localhost' ignored in --skip-name-resolve mode.
2018-03-13T16:23:33.586689Z 0 [Note] Event Scheduler: Loaded 0 events
2018-03-13T16:23:33.598227Z 0 [Note] mysqld: ready for connections.
Version: '5.7.12-log'  socket: '/var/run/mysqld/mysqld.sock'  port: 3306  MySQL Community Server (GPL)
2018-03-13T17:01:45.257316Z 0 [Note] Giving 0 client threads a chance to die gracefully
2018-03-13T17:01:45.258687Z 0 [Note] Shutting down slave threads
2018-03-13T17:01:45.268152Z 0 [Note] Forcefully disconnecting 0 remaining clients
2018-03-13T17:01:45.268997Z 0 [Note] Event Scheduler: Purging the queue. 0 events
2018-03-13T17:01:45.272219Z 0 [Note] Binlog end
2018-03-13T17:01:45.360279Z 0 [Note] Shutting down plugin 'ngram'
2018-03-13T17:01:45.361238Z 0 [Note] Shutting down plugin 'BLACKHOLE'
2018-03-13T17:01:45.361662Z 0 [Note] Shutting down plugin 'partition'
2018-03-13T17:01:45.362039Z 0 [Note] Shutting down plugin 'ARCHIVE'
2018-03-13T17:01:45.362479Z 0 [Note] Shutting down plugin 'MEMORY'
2018-03-13T17:01:45.364460Z 0 [Note] Shutting down plugin 'INNODB_SYS_VIRTUAL'
2018-03-13T17:01:45.364962Z 0 [Note] Shutting down plugin 'INNODB_SYS_DATAFILES'
2018-03-13T17:01:45.365411Z 0 [Note] Shutting down plugin 'INNODB_SYS_TABLESPACES'
2018-03-13T17:01:45.365880Z 0 [Note] Shutting down plugin 'INNODB_SYS_FOREIGN_COLS'
2018-03-13T17:01:45.366285Z 0 [Note] Shutting down plugin 'INNODB_SYS_FOREIGN'
2018-03-13T17:01:45.366682Z 0 [Note] Shutting down plugin 'INNODB_SYS_FIELDS'
2018-03-13T17:01:45.367123Z 0 [Note] Shutting down plugin 'INNODB_SYS_COLUMNS'
2018-03-13T17:01:45.367559Z 0 [Note] Shutting down plugin 'INNODB_SYS_INDEXES'
2018-03-13T17:01:45.367920Z 0 [Note] Shutting down plugin 'INNODB_SYS_TABLESTATS'
2018-03-13T17:01:45.368278Z 0 [Note] Shutting down plugin 'INNODB_SYS_TABLES'
2018-03-13T17:01:45.368676Z 0 [Note] Shutting down plugin 'INNODB_FT_INDEX_TABLE'
2018-03-13T17:01:45.369078Z 0 [Note] Shutting down plugin 'INNODB_FT_INDEX_CACHE'
2018-03-13T17:01:45.369511Z 0 [Note] Shutting down plugin 'INNODB_FT_CONFIG'
2018-03-13T17:01:45.369871Z 0 [Note] Shutting down plugin 'INNODB_FT_BEING_DELETED'
2018-03-13T17:01:45.370390Z 0 [Note] Shutting down plugin 'INNODB_FT_DELETED'
2018-03-13T17:01:45.370765Z 0 [Note] Shutting down plugin 'INNODB_FT_DEFAULT_STOPWORD'
2018-03-13T17:01:45.371148Z 0 [Note] Shutting down plugin 'INNODB_METRICS'
2018-03-13T17:01:45.371574Z 0 [Note] Shutting down plugin 'INNODB_TEMP_TABLE_INFO'
2018-03-13T17:01:45.372085Z 0 [Note] Shutting down plugin 'INNODB_BUFFER_POOL_STATS'
2018-03-13T17:01:45.372560Z 0 [Note] Shutting down plugin 'INNODB_BUFFER_PAGE_LRU'
2018-03-13T17:01:45.382589Z 0 [Note] Shutting down plugin 'INNODB_BUFFER_PAGE'
2018-03-13T17:01:45.383217Z 0 [Note] Shutting down plugin 'INNODB_CMP_PER_INDEX_RESET'
2018-03-13T17:01:45.383565Z 0 [Note] Shutting down plugin 'INNODB_CMP_PER_INDEX'
2018-03-13T17:01:45.383920Z 0 [Note] Shutting down plugin 'INNODB_CMPMEM_RESET'
2018-03-13T17:01:45.384311Z 0 [Note] Shutting down plugin 'INNODB_CMPMEM'
2018-03-13T17:01:45.384741Z 0 [Note] Shutting down plugin 'INNODB_CMP_RESET'
2018-03-13T17:01:45.385075Z 0 [Note] Shutting down plugin 'INNODB_CMP'
2018-03-13T17:01:45.385750Z 0 [Note] Shutting down plugin 'INNODB_LOCK_WAITS'
2018-03-13T17:01:45.386169Z 0 [Note] Shutting down plugin 'INNODB_LOCKS'
2018-03-13T17:01:45.386501Z 0 [Note] Shutting down plugin 'INNODB_TRX'
2018-03-13T17:01:45.386836Z 0 [Note] Shutting down plugin 'InnoDB'
2018-03-13T17:01:45.395688Z 0 [Note] InnoDB: FTS optimize thread exiting.
2018-03-13T17:01:45.398905Z 0 [Note] InnoDB: Starting shutdown...
2018-03-13T17:01:45.500986Z 0 [Note] InnoDB: Dumping buffer pool(s) to /var/lib/mysql/ib_buffer_pool
2018-03-13T17:01:45.507798Z 0 [Note] InnoDB: Buffer pool(s) dump completed at 180313 17:01:45
2018-03-13T17:01:47.532411Z 0 [Note] InnoDB: Shutdown completed; log sequence number 12127606
2018-03-13T17:01:47.571593Z 0 [Note] InnoDB: Removed temporary tablespace data file: "ibtmp1"
2018-03-13T17:01:47.572242Z 0 [Note] Shutting down plugin 'MyISAM'
2018-03-13T17:01:47.572728Z 0 [Note] Shutting down plugin 'MRG_MYISAM'
2018-03-13T17:01:47.574778Z 0 [Note] Shutting down plugin 'CSV'
2018-03-13T17:01:47.575517Z 0 [Note] Shutting down plugin 'PERFORMANCE_SCHEMA'
2018-03-13T17:01:47.576087Z 0 [Note] Shutting down plugin 'sha256_password'
2018-03-13T17:01:47.576508Z 0 [Note] Shutting down plugin 'mysql_native_password'
2018-03-13T17:01:47.577386Z 0 [Note] Shutting down plugin 'binlog'
2018-03-13T17:01:47.611110Z 0 [Note] mysqld: Shutdown complete

2018-03-13T17:02:12.875426Z 0 [Note] mysqld (mysqld 5.7.12-log) starting as process 1 ...
2018-03-13T17:02:12.887169Z 0 [Note] InnoDB: PUNCH HOLE support available
2018-03-13T17:02:12.888208Z 0 [Note] InnoDB: Mutexes and rw_locks use GCC atomic builtins
2018-03-13T17:02:12.888648Z 0 [Note] InnoDB: Uses event mutexes
2018-03-13T17:02:12.889086Z 0 [Note] InnoDB: GCC builtin __atomic_thread_fence() is used for memory barrier
2018-03-13T17:02:12.889484Z 0 [Note] InnoDB: Compressed tables use zlib 1.2.8
2018-03-13T17:02:12.889892Z 0 [Note] InnoDB: Using Linux native AIO
2018-03-13T17:02:12.890669Z 0 [Note] InnoDB: Number of pools: 1
2018-03-13T17:02:12.891194Z 0 [Note] InnoDB: Using CPU crc32 instructions
2018-03-13T17:02:12.907404Z 0 [Note] InnoDB: Initializing buffer pool, total size = 128M, instances = 1, chunk size = 128M
2018-03-13T17:02:12.917340Z 0 [Note] InnoDB: Completed initialization of buffer pool
2018-03-13T17:02:12.920415Z 0 [Note] InnoDB: If the mysqld execution user is authorized, page cleaner thread priority can be changed. See the man page of setpriority().
2018-03-13T17:02:12.974067Z 0 [Note] InnoDB: Highest supported file format is Barracuda.
2018-03-13T17:02:13.006436Z 0 [Note] InnoDB: Creating shared tablespace for temporary tables
2018-03-13T17:02:13.010385Z 0 [Note] InnoDB: Setting file './ibtmp1' size to 12 MB. Physically writing the file full; Please wait ...
2018-03-13T17:02:13.124629Z 0 [Note] InnoDB: File './ibtmp1' size is now 12 MB.
2018-03-13T17:02:13.127724Z 0 [Note] InnoDB: 96 redo rollback segment(s) found. 96 redo rollback segment(s) are active.
2018-03-13T17:02:13.128624Z 0 [Note] InnoDB: 32 non-redo rollback segment(s) are active.
2018-03-13T17:02:13.130483Z 0 [Note] InnoDB: 5.7.12 started; log sequence number 12127606
2018-03-13T17:02:13.132007Z 0 [Note] Plugin 'FEDERATED' is disabled.
2018-03-13T17:02:13.132738Z 0 [Note] InnoDB: Loading buffer pool(s) from /var/lib/mysql/ib_buffer_pool
2018-03-13T17:02:13.149200Z 0 [Note] InnoDB: Buffer pool(s) load completed at 180313 17:02:13
2018-03-13T17:02:13.152048Z 0 [Warning] Failed to set up SSL because of the following SSL library error: SSL context is not usable without certificate and private key
2018-03-13T17:02:13.154761Z 0 [Note] Server hostname (bind-address): '*'; port: 3306
2018-03-13T17:02:13.155467Z 0 [Note] IPv6 is available.
2018-03-13T17:02:13.156026Z 0 [Note]   - '::' resolves to '::';
2018-03-13T17:02:13.156577Z 0 [Note] Server socket created on IP: '::'.
2018-03-13T17:02:13.163996Z 0 [Warning] 'db' entry 'sys mysql.sys@localhost' ignored in --skip-name-resolve mode.
2018-03-13T17:02:13.165724Z 0 [Warning] 'proxies_priv' entry '@ root@localhost' ignored in --skip-name-resolve mode.
2018-03-13T17:02:13.201369Z 0 [Warning] 'tables_priv' entry 'sys_config mysql.sys@localhost' ignored in --skip-name-resolve mode.
2018-03-13T17:02:13.229671Z 0 [Note] Event Scheduler: Loaded 0 events
2018-03-13T17:02:13.230681Z 0 [Note] mysqld: ready for connections.
Version: '5.7.12-log'  socket: '/var/run/mysqld/mysqld.sock'  port: 3306  MySQL Community Server (GPL)
2018-03-13T17:16:19.203748Z 2 [Note] Aborted connection 2 to db: 'unconnected' user: 'root' host: '172.18.0.4' (Got an error reading communication packets)
2018-03-13T17:17:28.806862Z 0 [Note] Giving 1 client threads a chance to die gracefully
2018-03-13T17:17:28.807499Z 0 [Note] Shutting down slave threads
2018-03-13T17:17:30.808514Z 0 [Note] Forcefully disconnecting 0 remaining clients
2018-03-13T17:17:30.809076Z 0 [Note] Event Scheduler: Purging the queue. 0 events
2018-03-13T17:17:30.809547Z 0 [Note] Binlog end
2018-03-13T17:17:30.810383Z 0 [Note] Shutting down plugin 'ngram'
2018-03-13T17:17:30.810837Z 0 [Note] Shutting down plugin 'BLACKHOLE'
2018-03-13T17:17:30.811209Z 0 [Note] Shutting down plugin 'partition'
2018-03-13T17:17:30.811580Z 0 [Note] Shutting down plugin 'ARCHIVE'
2018-03-13T17:17:30.811958Z 0 [Note] Shutting down plugin 'MEMORY'
2018-03-13T17:17:30.812317Z 0 [Note] Shutting down plugin 'INNODB_SYS_VIRTUAL'
2018-03-13T17:17:30.812673Z 0 [Note] Shutting down plugin 'INNODB_SYS_DATAFILES'
2018-03-13T17:17:30.813029Z 0 [Note] Shutting down plugin 'INNODB_SYS_TABLESPACES'
2018-03-13T17:17:30.813379Z 0 [Note] Shutting down plugin 'INNODB_SYS_FOREIGN_COLS'
2018-03-13T17:17:30.813739Z 0 [Note] Shutting down plugin 'INNODB_SYS_FOREIGN'
2018-03-13T17:17:30.814096Z 0 [Note] Shutting down plugin 'INNODB_SYS_FIELDS'
2018-03-13T17:17:30.814442Z 0 [Note] Shutting down plugin 'INNODB_SYS_COLUMNS'
2018-03-13T17:17:30.814779Z 0 [Note] Shutting down plugin 'INNODB_SYS_INDEXES'
2018-03-13T17:17:30.815105Z 0 [Note] Shutting down plugin 'INNODB_SYS_TABLESTATS'
2018-03-13T17:17:30.815431Z 0 [Note] Shutting down plugin 'INNODB_SYS_TABLES'
2018-03-13T17:17:30.815760Z 0 [Note] Shutting down plugin 'INNODB_FT_INDEX_TABLE'
2018-03-13T17:17:30.816105Z 0 [Note] Shutting down plugin 'INNODB_FT_INDEX_CACHE'
2018-03-13T17:17:30.816456Z 0 [Note] Shutting down plugin 'INNODB_FT_CONFIG'
2018-03-13T17:17:30.816817Z 0 [Note] Shutting down plugin 'INNODB_FT_BEING_DELETED'
2018-03-13T17:17:30.817151Z 0 [Note] Shutting down plugin 'INNODB_FT_DELETED'
2018-03-13T17:17:30.817503Z 0 [Note] Shutting down plugin 'INNODB_FT_DEFAULT_STOPWORD'
2018-03-13T17:17:30.817851Z 0 [Note] Shutting down plugin 'INNODB_METRICS'
2018-03-13T17:17:30.818201Z 0 [Note] Shutting down plugin 'INNODB_TEMP_TABLE_INFO'
2018-03-13T17:17:30.818554Z 0 [Note] Shutting down plugin 'INNODB_BUFFER_POOL_STATS'
2018-03-13T17:17:30.818900Z 0 [Note] Shutting down plugin 'INNODB_BUFFER_PAGE_LRU'
2018-03-13T17:17:30.819246Z 0 [Note] Shutting down plugin 'INNODB_BUFFER_PAGE'
2018-03-13T17:17:30.819614Z 0 [Note] Shutting down plugin 'INNODB_CMP_PER_INDEX_RESET'
2018-03-13T17:17:30.819967Z 0 [Note] Shutting down plugin 'INNODB_CMP_PER_INDEX'
2018-03-13T17:17:30.820318Z 0 [Note] Shutting down plugin 'INNODB_CMPMEM_RESET'
2018-03-13T17:17:30.820681Z 0 [Note] Shutting down plugin 'INNODB_CMPMEM'
2018-03-13T17:17:30.821025Z 0 [Note] Shutting down plugin 'INNODB_CMP_RESET'
2018-03-13T17:17:30.821368Z 0 [Note] Shutting down plugin 'INNODB_CMP'
2018-03-13T17:17:30.821811Z 0 [Note] Shutting down plugin 'INNODB_LOCK_WAITS'
2018-03-13T17:17:30.822158Z 0 [Note] Shutting down plugin 'INNODB_LOCKS'
2018-03-13T17:17:30.822522Z 0 [Note] Shutting down plugin 'INNODB_TRX'
2018-03-13T17:17:30.822914Z 0 [Note] Shutting down plugin 'InnoDB'
2018-03-13T17:17:30.823395Z 0 [Note] InnoDB: FTS optimize thread exiting.
2018-03-13T17:17:30.823963Z 0 [Note] InnoDB: Starting shutdown...
2018-03-13T17:17:30.925164Z 0 [Note] InnoDB: Dumping buffer pool(s) to /var/lib/mysql/ib_buffer_pool
2018-03-13T17:17:30.926272Z 0 [Note] InnoDB: Buffer pool(s) dump completed at 180313 17:17:30
2018-03-13T17:17:32.633198Z 0 [Note] InnoDB: Shutdown completed; log sequence number 12127634
2018-03-13T17:17:32.638196Z 0 [Note] InnoDB: Removed temporary tablespace data file: "ibtmp1"
2018-03-13T17:17:32.639056Z 0 [Note] Shutting down plugin 'MyISAM'
2018-03-13T17:17:32.639602Z 0 [Note] Shutting down plugin 'MRG_MYISAM'
2018-03-13T17:17:32.640037Z 0 [Note] Shutting down plugin 'CSV'
2018-03-13T17:17:32.640426Z 0 [Note] Shutting down plugin 'PERFORMANCE_SCHEMA'
2018-03-13T17:17:32.640810Z 0 [Note] Shutting down plugin 'sha256_password'
2018-03-13T17:17:32.641172Z 0 [Note] Shutting down plugin 'mysql_native_password'
2018-03-13T17:17:32.641647Z 0 [Note] Shutting down plugin 'binlog'
2018-03-13T17:17:32.647094Z 0 [Note] mysqld: Shutdown complete

2018-03-13T17:18:00.836968Z 0 [Note] mysqld (mysqld 5.7.12-log) starting as process 1 ...
2018-03-13T17:18:00.845419Z 0 [Note] InnoDB: PUNCH HOLE support available
2018-03-13T17:18:00.845936Z 0 [Note] InnoDB: Mutexes and rw_locks use GCC atomic builtins
2018-03-13T17:18:00.846336Z 0 [Note] InnoDB: Uses event mutexes
2018-03-13T17:18:00.846694Z 0 [Note] InnoDB: GCC builtin __atomic_thread_fence() is used for memory barrier
2018-03-13T17:18:00.847030Z 0 [Note] InnoDB: Compressed tables use zlib 1.2.8
2018-03-13T17:18:00.847365Z 0 [Note] InnoDB: Using Linux native AIO
2018-03-13T17:18:00.847927Z 0 [Note] InnoDB: Number of pools: 1
2018-03-13T17:18:00.848381Z 0 [Note] InnoDB: Using CPU crc32 instructions
2018-03-13T17:18:00.859247Z 0 [Note] InnoDB: Initializing buffer pool, total size = 128M, instances = 1, chunk size = 128M
2018-03-13T17:18:00.871795Z 0 [Note] InnoDB: Completed initialization of buffer pool
2018-03-13T17:18:00.875165Z 0 [Note] InnoDB: If the mysqld execution user is authorized, page cleaner thread priority can be changed. See the man page of setpriority().
2018-03-13T17:18:00.887110Z 0 [Note] InnoDB: Highest supported file format is Barracuda.
2018-03-13T17:18:00.907793Z 0 [Note] InnoDB: Creating shared tablespace for temporary tables
2018-03-13T17:18:00.908506Z 0 [Note] InnoDB: Setting file './ibtmp1' size to 12 MB. Physically writing the file full; Please wait ...
2018-03-13T17:18:01.015306Z 0 [Note] InnoDB: File './ibtmp1' size is now 12 MB.
2018-03-13T17:18:01.017806Z 0 [Note] InnoDB: 96 redo rollback segment(s) found. 96 redo rollback segment(s) are active.
2018-03-13T17:18:01.018378Z 0 [Note] InnoDB: 32 non-redo rollback segment(s) are active.
2018-03-13T17:18:01.019839Z 0 [Note] InnoDB: 5.7.12 started; log sequence number 12127634
2018-03-13T17:18:01.021550Z 0 [Note] Plugin 'FEDERATED' is disabled.
2018-03-13T17:18:01.021575Z 0 [Note] InnoDB: Loading buffer pool(s) from /var/lib/mysql/ib_buffer_pool
2018-03-13T17:18:01.025844Z 0 [Note] InnoDB: Buffer pool(s) load completed at 180313 17:18:01
2018-03-13T17:18:01.028521Z 0 [Warning] Failed to set up SSL because of the following SSL library error: SSL context is not usable without certificate and private key
2018-03-13T17:18:01.029035Z 0 [Note] Server hostname (bind-address): '*'; port: 3306
2018-03-13T17:18:01.029524Z 0 [Note] IPv6 is available.
2018-03-13T17:18:01.029898Z 0 [Note]   - '::' resolves to '::';
2018-03-13T17:18:01.030274Z 0 [Note] Server socket created on IP: '::'.
2018-03-13T17:18:01.035357Z 0 [Warning] 'db' entry 'sys mysql.sys@localhost' ignored in --skip-name-resolve mode.
2018-03-13T17:18:01.036051Z 0 [Warning] 'proxies_priv' entry '@ root@localhost' ignored in --skip-name-resolve mode.
2018-03-13T17:18:01.050176Z 0 [Warning] 'tables_priv' entry 'sys_config mysql.sys@localhost' ignored in --skip-name-resolve mode.
2018-03-13T17:18:01.071817Z 0 [Note] Event Scheduler: Loaded 0 events
2018-03-13T17:18:01.073026Z 0 [Note] mysqld: ready for connections.
Version: '5.7.12-log'  socket: '/var/run/mysqld/mysqld.sock'  port: 3306  MySQL Community Server (GPL)
2018-03-13T17:35:22.933527Z 0 [Note] Giving 1 client threads a chance to die gracefully
2018-03-13T17:35:22.934826Z 0 [Note] Shutting down slave threads
2018-03-13T17:35:24.940421Z 0 [Note] Forcefully disconnecting 0 remaining clients
2018-03-13T17:35:24.941840Z 0 [Note] Event Scheduler: Purging the queue. 0 events
2018-03-13T17:35:24.942655Z 0 [Note] Binlog end
2018-03-13T17:35:24.943558Z 0 [Note] Shutting down plugin 'ngram'
2018-03-13T17:35:24.944008Z 0 [Note] Shutting down plugin 'BLACKHOLE'
2018-03-13T17:35:24.944438Z 0 [Note] Shutting down plugin 'partition'
2018-03-13T17:35:24.944892Z 0 [Note] Shutting down plugin 'ARCHIVE'
2018-03-13T17:35:24.945298Z 0 [Note] Shutting down plugin 'MEMORY'
2018-03-13T17:35:24.945699Z 0 [Note] Shutting down plugin 'INNODB_SYS_VIRTUAL'
2018-03-13T17:35:24.946081Z 0 [Note] Shutting down plugin 'INNODB_SYS_DATAFILES'
2018-03-13T17:35:24.946455Z 0 [Note] Shutting down plugin 'INNODB_SYS_TABLESPACES'
2018-03-13T17:35:24.946832Z 0 [Note] Shutting down plugin 'INNODB_SYS_FOREIGN_COLS'
2018-03-13T17:35:24.947214Z 0 [Note] Shutting down plugin 'INNODB_SYS_FOREIGN'
2018-03-13T17:35:24.947575Z 0 [Note] Shutting down plugin 'INNODB_SYS_FIELDS'
2018-03-13T17:35:24.947929Z 0 [Note] Shutting down plugin 'INNODB_SYS_COLUMNS'
2018-03-13T17:35:24.948296Z 0 [Note] Shutting down plugin 'INNODB_SYS_INDEXES'
2018-03-13T17:35:24.948660Z 0 [Note] Shutting down plugin 'INNODB_SYS_TABLESTATS'
2018-03-13T17:35:24.949026Z 0 [Note] Shutting down plugin 'INNODB_SYS_TABLES'
2018-03-13T17:35:24.949399Z 0 [Note] Shutting down plugin 'INNODB_FT_INDEX_TABLE'
2018-03-13T17:35:24.949780Z 0 [Note] Shutting down plugin 'INNODB_FT_INDEX_CACHE'
2018-03-13T17:35:24.950146Z 0 [Note] Shutting down plugin 'INNODB_FT_CONFIG'
2018-03-13T17:35:24.950500Z 0 [Note] Shutting down plugin 'INNODB_FT_BEING_DELETED'
2018-03-13T17:35:24.950861Z 0 [Note] Shutting down plugin 'INNODB_FT_DELETED'
2018-03-13T17:35:24.951222Z 0 [Note] Shutting down plugin 'INNODB_FT_DEFAULT_STOPWORD'
2018-03-13T17:35:24.951616Z 0 [Note] Shutting down plugin 'INNODB_METRICS'
2018-03-13T17:35:24.951974Z 0 [Note] Shutting down plugin 'INNODB_TEMP_TABLE_INFO'
2018-03-13T17:35:24.952326Z 0 [Note] Shutting down plugin 'INNODB_BUFFER_POOL_STATS'
2018-03-13T17:35:24.952684Z 0 [Note] Shutting down plugin 'INNODB_BUFFER_PAGE_LRU'
2018-03-13T17:35:24.953107Z 0 [Note] Shutting down plugin 'INNODB_BUFFER_PAGE'
2018-03-13T17:35:24.953506Z 0 [Note] Shutting down plugin 'INNODB_CMP_PER_INDEX_RESET'
2018-03-13T17:35:24.953862Z 0 [Note] Shutting down plugin 'INNODB_CMP_PER_INDEX'
2018-03-13T17:35:24.954240Z 0 [Note] Shutting down plugin 'INNODB_CMPMEM_RESET'
2018-03-13T17:35:24.954677Z 0 [Note] Shutting down plugin 'INNODB_CMPMEM'
2018-03-13T17:35:24.955086Z 0 [Note] Shutting down plugin 'INNODB_CMP_RESET'
2018-03-13T17:35:24.955447Z 0 [Note] Shutting down plugin 'INNODB_CMP'
2018-03-13T17:35:24.955811Z 0 [Note] Shutting down plugin 'INNODB_LOCK_WAITS'
2018-03-13T17:35:24.956170Z 0 [Note] Shutting down plugin 'INNODB_LOCKS'
2018-03-13T17:35:24.956588Z 0 [Note] Shutting down plugin 'INNODB_TRX'
2018-03-13T17:35:24.957004Z 0 [Note] Shutting down plugin 'InnoDB'
2018-03-13T17:35:24.957534Z 0 [Note] InnoDB: FTS optimize thread exiting.
2018-03-13T17:35:24.958034Z 0 [Note] InnoDB: Starting shutdown...
2018-03-13T17:35:25.059937Z 0 [Note] InnoDB: Dumping buffer pool(s) to /var/lib/mysql/ib_buffer_pool
2018-03-13T17:35:25.063900Z 0 [Note] InnoDB: Buffer pool(s) dump completed at 180313 17:35:25
2018-03-13T17:35:26.113964Z 0 [Note] InnoDB: Shutdown completed; log sequence number 12127662
2018-03-13T17:35:26.118961Z 0 [Note] InnoDB: Removed temporary tablespace data file: "ibtmp1"
2018-03-13T17:35:26.120321Z 0 [Note] Shutting down plugin 'MyISAM'
2018-03-13T17:35:26.121051Z 0 [Note] Shutting down plugin 'MRG_MYISAM'
2018-03-13T17:35:26.121629Z 0 [Note] Shutting down plugin 'CSV'
2018-03-13T17:35:26.122166Z 0 [Note] Shutting down plugin 'PERFORMANCE_SCHEMA'
2018-03-13T17:35:26.122713Z 0 [Note] Shutting down plugin 'sha256_password'
2018-03-13T17:35:26.123167Z 0 [Note] Shutting down plugin 'mysql_native_password'
2018-03-13T17:35:26.123748Z 0 [Note] Shutting down plugin 'binlog'
2018-03-13T17:35:26.129692Z 0 [Note] mysqld: Shutdown complete

2018-03-13T17:37:37.212727Z 0 [Warning] Setting lower_case_table_names=2 because file system for /var/lib/mysql/ is case insensitive
2018-03-13T17:37:38.961275Z 0 [Warning] InnoDB: New log files created, LSN=45790
2018-03-13T17:37:39.337870Z 0 [Warning] InnoDB: Creating foreign key constraint system tables.
2018-03-13T17:37:39.434364Z 0 [Warning] No existing UUID has been found, so we assume that this is the first time that this server has been started. Generating a new UUID: 39d3b9a5-26e5-11e8-9902-0242ac120002.
2018-03-13T17:37:39.438762Z 0 [Warning] Gtid table is not ready to be used. Table 'mysql.gtid_executed' cannot be opened.
2018-03-13T17:37:39.442231Z 1 [Warning] root@localhost is created with an empty password ! Please consider switching off the --initialize-insecure option.
2018-03-13T17:37:47.814954Z 1 [Warning] 'user' entry 'root@localhost' ignored in --skip-name-resolve mode.
2018-03-13T17:37:47.816232Z 1 [Warning] 'user' entry 'mysql.sys@localhost' ignored in --skip-name-resolve mode.
2018-03-13T17:37:47.821081Z 1 [Warning] 'db' entry 'sys mysql.sys@localhost' ignored in --skip-name-resolve mode.
2018-03-13T17:37:47.823125Z 1 [Warning] 'proxies_priv' entry '@ root@localhost' ignored in --skip-name-resolve mode.
2018-03-13T17:37:47.824941Z 1 [Warning] 'tables_priv' entry 'sys_config mysql.sys@localhost' ignored in --skip-name-resolve mode.
2018-03-13T17:37:51.782008Z 0 [Note] mysqld (mysqld 5.7.12-log) starting as process 52 ...
2018-03-13T17:37:51.789112Z 0 [Warning] Setting lower_case_table_names=2 because file system for /var/lib/mysql/ is case insensitive
2018-03-13T17:37:51.797387Z 0 [Note] InnoDB: PUNCH HOLE support available
2018-03-13T17:37:51.798109Z 0 [Note] InnoDB: Mutexes and rw_locks use GCC atomic builtins
2018-03-13T17:37:51.798600Z 0 [Note] InnoDB: Uses event mutexes
2018-03-13T17:37:51.799129Z 0 [Note] InnoDB: GCC builtin __atomic_thread_fence() is used for memory barrier
2018-03-13T17:37:51.799740Z 0 [Note] InnoDB: Compressed tables use zlib 1.2.8
2018-03-13T17:37:51.800252Z 0 [Note] InnoDB: Using Linux native AIO
2018-03-13T17:37:51.801184Z 0 [Note] InnoDB: Number of pools: 1
2018-03-13T17:37:51.801996Z 0 [Note] InnoDB: Using CPU crc32 instructions
2018-03-13T17:37:51.812367Z 0 [Note] InnoDB: Initializing buffer pool, total size = 128M, instances = 1, chunk size = 128M
2018-03-13T17:37:51.821034Z 0 [Note] InnoDB: Completed initialization of buffer pool
2018-03-13T17:37:51.823942Z 0 [Note] InnoDB: If the mysqld execution user is authorized, page cleaner thread priority can be changed. See the man page of setpriority().
2018-03-13T17:37:51.921048Z 0 [Note] InnoDB: Highest supported file format is Barracuda.
2018-03-13T17:37:52.051854Z 0 [Note] InnoDB: Creating shared tablespace for temporary tables
2018-03-13T17:37:52.054564Z 0 [Note] InnoDB: Setting file './ibtmp1' size to 12 MB. Physically writing the file full; Please wait ...
2018-03-13T17:37:52.255838Z 0 [Note] InnoDB: File './ibtmp1' size is now 12 MB.
2018-03-13T17:37:52.266022Z 0 [Note] InnoDB: 96 redo rollback segment(s) found. 96 redo rollback segment(s) are active.
2018-03-13T17:37:52.267953Z 0 [Note] InnoDB: 32 non-redo rollback segment(s) are active.
2018-03-13T17:37:52.277428Z 0 [Note] InnoDB: 5.7.12 started; log sequence number 2522943
2018-03-13T17:37:52.279047Z 0 [Note] Plugin 'FEDERATED' is disabled.
2018-03-13T17:37:52.280984Z 0 [Note] InnoDB: Loading buffer pool(s) from /var/lib/mysql/ib_buffer_pool
2018-03-13T17:37:52.339888Z 0 [Note] InnoDB: Buffer pool(s) load completed at 180313 17:37:52
2018-03-13T17:37:52.340898Z 0 [Warning] Failed to set up SSL because of the following SSL library error: SSL context is not usable without certificate and private key
2018-03-13T17:37:52.498506Z 0 [Warning] 'user' entry 'root@localhost' ignored in --skip-name-resolve mode.
2018-03-13T17:37:52.499235Z 0 [Warning] 'user' entry 'mysql.sys@localhost' ignored in --skip-name-resolve mode.
2018-03-13T17:37:52.503615Z 0 [Warning] 'db' entry 'sys mysql.sys@localhost' ignored in --skip-name-resolve mode.
2018-03-13T17:37:52.525364Z 0 [Warning] 'proxies_priv' entry '@ root@localhost' ignored in --skip-name-resolve mode.
2018-03-13T17:37:52.662225Z 0 [Warning] 'tables_priv' entry 'sys_config mysql.sys@localhost' ignored in --skip-name-resolve mode.
2018-03-13T17:37:53.050695Z 0 [Note] Event Scheduler: Loaded 0 events
2018-03-13T17:37:53.051584Z 0 [Note] mysqld: ready for connections.
Version: '5.7.12-log'  socket: '/var/run/mysqld/mysqld.sock'  port: 0  MySQL Community Server (GPL)
2018-03-13T17:38:05.346769Z 4 [Warning] 'db' entry 'sys mysql.sys@localhost' ignored in --skip-name-resolve mode.
2018-03-13T17:38:05.348995Z 4 [Warning] 'proxies_priv' entry '@ root@localhost' ignored in --skip-name-resolve mode.
2018-03-13T17:38:05.349638Z 4 [Warning] 'tables_priv' entry 'sys_config mysql.sys@localhost' ignored in --skip-name-resolve mode.
2018-03-13T17:38:05.356309Z 0 [Note] Giving 0 client threads a chance to die gracefully
2018-03-13T17:38:05.356928Z 0 [Note] Shutting down slave threads
2018-03-13T17:38:05.357511Z 0 [Note] Forcefully disconnecting 0 remaining clients
2018-03-13T17:38:05.358011Z 0 [Note] Event Scheduler: Purging the queue. 0 events
2018-03-13T17:38:05.358557Z 0 [Note] Binlog end
2018-03-13T17:38:05.370572Z 0 [Note] Shutting down plugin 'ngram'
2018-03-13T17:38:05.371123Z 0 [Note] Shutting down plugin 'BLACKHOLE'
2018-03-13T17:38:05.371967Z 0 [Note] Shutting down plugin 'partition'
2018-03-13T17:38:05.372490Z 0 [Note] Shutting down plugin 'ARCHIVE'
2018-03-13T17:38:05.374848Z 0 [Note] Shutting down plugin 'MEMORY'
2018-03-13T17:38:05.375579Z 0 [Note] Shutting down plugin 'INNODB_SYS_VIRTUAL'
2018-03-13T17:38:05.376237Z 0 [Note] Shutting down plugin 'INNODB_SYS_DATAFILES'
2018-03-13T17:38:05.376697Z 0 [Note] Shutting down plugin 'INNODB_SYS_TABLESPACES'
2018-03-13T17:38:05.377128Z 0 [Note] Shutting down plugin 'INNODB_SYS_FOREIGN_COLS'
2018-03-13T17:38:05.377562Z 0 [Note] Shutting down plugin 'INNODB_SYS_FOREIGN'
2018-03-13T17:38:05.378043Z 0 [Note] Shutting down plugin 'INNODB_SYS_FIELDS'
2018-03-13T17:38:05.378701Z 0 [Note] Shutting down plugin 'INNODB_SYS_COLUMNS'
2018-03-13T17:38:05.379126Z 0 [Note] Shutting down plugin 'INNODB_SYS_INDEXES'
2018-03-13T17:38:05.379857Z 0 [Note] Shutting down plugin 'INNODB_SYS_TABLESTATS'
2018-03-13T17:38:05.380791Z 0 [Note] Shutting down plugin 'INNODB_SYS_TABLES'
2018-03-13T17:38:05.381653Z 0 [Note] Shutting down plugin 'INNODB_FT_INDEX_TABLE'
2018-03-13T17:38:05.382858Z 0 [Note] Shutting down plugin 'INNODB_FT_INDEX_CACHE'
2018-03-13T17:38:05.388014Z 0 [Note] Shutting down plugin 'INNODB_FT_CONFIG'
2018-03-13T17:38:05.388647Z 0 [Note] Shutting down plugin 'INNODB_FT_BEING_DELETED'
2018-03-13T17:38:05.390859Z 0 [Note] Shutting down plugin 'INNODB_FT_DELETED'
2018-03-13T17:38:05.391441Z 0 [Note] Shutting down plugin 'INNODB_FT_DEFAULT_STOPWORD'
2018-03-13T17:38:05.392003Z 0 [Note] Shutting down plugin 'INNODB_METRICS'
2018-03-13T17:38:05.392502Z 0 [Note] Shutting down plugin 'INNODB_TEMP_TABLE_INFO'
2018-03-13T17:38:05.393019Z 0 [Note] Shutting down plugin 'INNODB_BUFFER_POOL_STATS'
2018-03-13T17:38:05.393518Z 0 [Note] Shutting down plugin 'INNODB_BUFFER_PAGE_LRU'
2018-03-13T17:38:05.394068Z 0 [Note] Shutting down plugin 'INNODB_BUFFER_PAGE'
2018-03-13T17:38:05.394558Z 0 [Note] Shutting down plugin 'INNODB_CMP_PER_INDEX_RESET'
2018-03-13T17:38:05.394993Z 0 [Note] Shutting down plugin 'INNODB_CMP_PER_INDEX'
2018-03-13T17:38:05.395660Z 0 [Note] Shutting down plugin 'INNODB_CMPMEM_RESET'
2018-03-13T17:38:05.398027Z 0 [Note] Shutting down plugin 'INNODB_CMPMEM'
2018-03-13T17:38:05.398589Z 0 [Note] Shutting down plugin 'INNODB_CMP_RESET'
2018-03-13T17:38:05.399372Z 0 [Note] Shutting down plugin 'INNODB_CMP'
2018-03-13T17:38:05.399852Z 0 [Note] Shutting down plugin 'INNODB_LOCK_WAITS'
2018-03-13T17:38:05.400347Z 0 [Note] Shutting down plugin 'INNODB_LOCKS'
2018-03-13T17:38:05.400793Z 0 [Note] Shutting down plugin 'INNODB_TRX'
2018-03-13T17:38:05.401217Z 0 [Note] Shutting down plugin 'InnoDB'
2018-03-13T17:38:05.401771Z 0 [Note] InnoDB: FTS optimize thread exiting.
2018-03-13T17:38:05.402406Z 0 [Note] InnoDB: Starting shutdown...
2018-03-13T17:38:05.505379Z 0 [Note] InnoDB: Dumping buffer pool(s) to /var/lib/mysql/ib_buffer_pool
2018-03-13T17:38:05.513175Z 0 [Note] InnoDB: Buffer pool(s) dump completed at 180313 17:38:05
2018-03-13T17:38:07.425163Z 0 [Note] InnoDB: Shutdown completed; log sequence number 12128520
2018-03-13T17:38:07.427619Z 0 [Note] InnoDB: Removed temporary tablespace data file: "ibtmp1"
2018-03-13T17:38:07.428172Z 0 [Note] Shutting down plugin 'MyISAM'
2018-03-13T17:38:07.428644Z 0 [Note] Shutting down plugin 'MRG_MYISAM'
2018-03-13T17:38:07.429122Z 0 [Note] Shutting down plugin 'CSV'
2018-03-13T17:38:07.429535Z 0 [Note] Shutting down plugin 'PERFORMANCE_SCHEMA'
2018-03-13T17:38:07.430138Z 0 [Note] Shutting down plugin 'sha256_password'
2018-03-13T17:38:07.430784Z 0 [Note] Shutting down plugin 'mysql_native_password'
2018-03-13T17:38:07.432130Z 0 [Note] Shutting down plugin 'binlog'
2018-03-13T17:38:07.439380Z 0 [Note] mysqld: Shutdown complete

2018-03-13T17:38:07.809919Z 0 [Note] mysqld (mysqld 5.7.12-log) starting as process 1 ...
2018-03-13T17:38:07.828351Z 0 [Warning] Setting lower_case_table_names=2 because file system for /var/lib/mysql/ is case insensitive
2018-03-13T17:38:07.838083Z 0 [Note] InnoDB: PUNCH HOLE support available
2018-03-13T17:38:07.838627Z 0 [Note] InnoDB: Mutexes and rw_locks use GCC atomic builtins
2018-03-13T17:38:07.839033Z 0 [Note] InnoDB: Uses event mutexes
2018-03-13T17:38:07.839424Z 0 [Note] InnoDB: GCC builtin __atomic_thread_fence() is used for memory barrier
2018-03-13T17:38:07.839899Z 0 [Note] InnoDB: Compressed tables use zlib 1.2.8
2018-03-13T17:38:07.840262Z 0 [Note] InnoDB: Using Linux native AIO
2018-03-13T17:38:07.841017Z 0 [Note] InnoDB: Number of pools: 1
2018-03-13T17:38:07.841565Z 0 [Note] InnoDB: Using CPU crc32 instructions
2018-03-13T17:38:07.854405Z 0 [Note] InnoDB: Initializing buffer pool, total size = 128M, instances = 1, chunk size = 128M
2018-03-13T17:38:07.871999Z 0 [Note] InnoDB: Completed initialization of buffer pool
2018-03-13T17:38:07.883161Z 0 [Note] InnoDB: If the mysqld execution user is authorized, page cleaner thread priority can be changed. See the man page of setpriority().
2018-03-13T17:38:07.972344Z 0 [Note] InnoDB: Highest supported file format is Barracuda.
2018-03-13T17:38:08.108648Z 0 [Note] InnoDB: Creating shared tablespace for temporary tables
2018-03-13T17:38:08.111015Z 0 [Note] InnoDB: Setting file './ibtmp1' size to 12 MB. Physically writing the file full; Please wait ...
2018-03-13T17:38:08.289411Z 0 [Note] InnoDB: File './ibtmp1' size is now 12 MB.
2018-03-13T17:38:08.299765Z 0 [Note] InnoDB: 96 redo rollback segment(s) found. 96 redo rollback segment(s) are active.
2018-03-13T17:38:08.300618Z 0 [Note] InnoDB: 32 non-redo rollback segment(s) are active.
2018-03-13T17:38:08.302796Z 0 [Note] InnoDB: Waiting for purge to start
2018-03-13T17:38:08.364611Z 0 [Note] InnoDB: 5.7.12 started; log sequence number 12128520
2018-03-13T17:38:08.374214Z 0 [Note] Plugin 'FEDERATED' is disabled.
2018-03-13T17:38:08.376514Z 0 [Note] InnoDB: Loading buffer pool(s) from /var/lib/mysql/ib_buffer_pool
2018-03-13T17:38:08.451324Z 0 [Warning] Failed to set up SSL because of the following SSL library error: SSL context is not usable without certificate and private key
2018-03-13T17:38:08.452178Z 0 [Note] Server hostname (bind-address): '*'; port: 3306
2018-03-13T17:38:08.452983Z 0 [Note] IPv6 is available.
2018-03-13T17:38:08.453772Z 0 [Note]   - '::' resolves to '::';
2018-03-13T17:38:08.454384Z 0 [Note] Server socket created on IP: '::'.
2018-03-13T17:38:08.511246Z 0 [Note] InnoDB: Buffer pool(s) load completed at 180313 17:38:08
2018-03-13T17:38:08.531250Z 0 [Warning] 'db' entry 'sys mysql.sys@localhost' ignored in --skip-name-resolve mode.
2018-03-13T17:38:08.532836Z 0 [Warning] 'proxies_priv' entry '@ root@localhost' ignored in --skip-name-resolve mode.
2018-03-13T17:38:08.595913Z 0 [Warning] 'tables_priv' entry 'sys_config mysql.sys@localhost' ignored in --skip-name-resolve mode.
2018-03-13T17:38:08.942322Z 0 [Note] Event Scheduler: Loaded 0 events
2018-03-13T17:38:08.943640Z 0 [Note] mysqld: ready for connections.
Version: '5.7.12-log'  socket: '/var/run/mysqld/mysqld.sock'  port: 3306  MySQL Community Server (GPL)
2018-03-13T17:57:34.586670Z 0 [Note] Giving 1 client threads a chance to die gracefully
2018-03-13T17:57:34.587602Z 0 [Note] Shutting down slave threads
2018-03-13T17:57:36.588696Z 0 [Note] Forcefully disconnecting 0 remaining clients
2018-03-13T17:57:36.589310Z 0 [Note] Event Scheduler: Purging the queue. 0 events
2018-03-13T17:57:36.589868Z 0 [Note] Binlog end
2018-03-13T17:57:36.598095Z 0 [Note] Shutting down plugin 'ngram'
2018-03-13T17:57:36.598672Z 0 [Note] Shutting down plugin 'BLACKHOLE'
2018-03-13T17:57:36.599159Z 0 [Note] Shutting down plugin 'partition'
2018-03-13T17:57:36.599526Z 0 [Note] Shutting down plugin 'ARCHIVE'
2018-03-13T17:57:36.599937Z 0 [Note] Shutting down plugin 'MEMORY'
2018-03-13T17:57:36.600306Z 0 [Note] Shutting down plugin 'INNODB_SYS_VIRTUAL'
2018-03-13T17:57:36.600657Z 0 [Note] Shutting down plugin 'INNODB_SYS_DATAFILES'
2018-03-13T17:57:36.601024Z 0 [Note] Shutting down plugin 'INNODB_SYS_TABLESPACES'
2018-03-13T17:57:36.601431Z 0 [Note] Shutting down plugin 'INNODB_SYS_FOREIGN_COLS'
2018-03-13T17:57:36.601943Z 0 [Note] Shutting down plugin 'INNODB_SYS_FOREIGN'
2018-03-13T17:57:36.602502Z 0 [Note] Shutting down plugin 'INNODB_SYS_FIELDS'
2018-03-13T17:57:36.602937Z 0 [Note] Shutting down plugin 'INNODB_SYS_COLUMNS'
2018-03-13T17:57:36.603364Z 0 [Note] Shutting down plugin 'INNODB_SYS_INDEXES'
2018-03-13T17:57:36.603834Z 0 [Note] Shutting down plugin 'INNODB_SYS_TABLESTATS'
2018-03-13T17:57:36.604264Z 0 [Note] Shutting down plugin 'INNODB_SYS_TABLES'
2018-03-13T17:57:36.604664Z 0 [Note] Shutting down plugin 'INNODB_FT_INDEX_TABLE'
2018-03-13T17:57:36.605044Z 0 [Note] Shutting down plugin 'INNODB_FT_INDEX_CACHE'
2018-03-13T17:57:36.605401Z 0 [Note] Shutting down plugin 'INNODB_FT_CONFIG'
2018-03-13T17:57:36.605794Z 0 [Note] Shutting down plugin 'INNODB_FT_BEING_DELETED'
2018-03-13T17:57:36.606179Z 0 [Note] Shutting down plugin 'INNODB_FT_DELETED'
2018-03-13T17:57:36.606552Z 0 [Note] Shutting down plugin 'INNODB_FT_DEFAULT_STOPWORD'
2018-03-13T17:57:36.606928Z 0 [Note] Shutting down plugin 'INNODB_METRICS'
2018-03-13T17:57:36.607310Z 0 [Note] Shutting down plugin 'INNODB_TEMP_TABLE_INFO'
2018-03-13T17:57:36.607677Z 0 [Note] Shutting down plugin 'INNODB_BUFFER_POOL_STATS'
2018-03-13T17:57:36.608045Z 0 [Note] Shutting down plugin 'INNODB_BUFFER_PAGE_LRU'
2018-03-13T17:57:36.608406Z 0 [Note] Shutting down plugin 'INNODB_BUFFER_PAGE'
2018-03-13T17:57:36.608764Z 0 [Note] Shutting down plugin 'INNODB_CMP_PER_INDEX_RESET'
2018-03-13T17:57:36.609125Z 0 [Note] Shutting down plugin 'INNODB_CMP_PER_INDEX'
2018-03-13T17:57:36.609478Z 0 [Note] Shutting down plugin 'INNODB_CMPMEM_RESET'
2018-03-13T17:57:36.609849Z 0 [Note] Shutting down plugin 'INNODB_CMPMEM'
2018-03-13T17:57:36.610211Z 0 [Note] Shutting down plugin 'INNODB_CMP_RESET'
2018-03-13T17:57:36.610588Z 0 [Note] Shutting down plugin 'INNODB_CMP'
2018-03-13T17:57:36.610975Z 0 [Note] Shutting down plugin 'INNODB_LOCK_WAITS'
2018-03-13T17:57:36.611364Z 0 [Note] Shutting down plugin 'INNODB_LOCKS'
2018-03-13T17:57:36.611833Z 0 [Note] Shutting down plugin 'INNODB_TRX'
2018-03-13T17:57:36.612154Z 0 [Note] Shutting down plugin 'InnoDB'
2018-03-13T17:57:36.614478Z 0 [Note] InnoDB: FTS optimize thread exiting.
2018-03-13T17:57:36.615430Z 0 [Note] InnoDB: Starting shutdown...
2018-03-13T17:57:36.718532Z 0 [Note] InnoDB: Dumping buffer pool(s) to /var/lib/mysql/ib_buffer_pool
2018-03-13T17:57:36.724075Z 0 [Note] InnoDB: Buffer pool(s) dump completed at 180313 17:57:36
2018-03-13T17:57:37.869044Z 0 [Note] InnoDB: Shutdown completed; log sequence number 12128548
2018-03-13T17:57:37.871517Z 0 [Note] InnoDB: Removed temporary tablespace data file: "ibtmp1"
2018-03-13T17:57:37.872101Z 0 [Note] Shutting down plugin 'MyISAM'
2018-03-13T17:57:37.872798Z 0 [Note] Shutting down plugin 'MRG_MYISAM'
2018-03-13T17:57:37.873927Z 0 [Note] Shutting down plugin 'CSV'
2018-03-13T17:57:37.874731Z 0 [Note] Shutting down plugin 'PERFORMANCE_SCHEMA'
2018-03-13T17:57:37.875482Z 0 [Note] Shutting down plugin 'sha256_password'
2018-03-13T17:57:37.876119Z 0 [Note] Shutting down plugin 'mysql_native_password'
2018-03-13T17:57:37.877060Z 0 [Note] Shutting down plugin 'binlog'
2018-03-13T17:57:37.886722Z 0 [Note] mysqld: Shutdown complete

